\\.\CTXSBX
D:\OPENCVPROJECTS\EANDP\DEBUG\EANDP.EXE
D:\OPENCVPROJECTS\EANDP\DEBUG\EANDP.ILK
D:\OPENCVPROJECTS\EANDP\DEBUG\EANDP.PDB
D:\OpenCVProjects\EandP\EandP\Debug\cl.command.1.tlog
D:\OpenCVProjects\EandP\EandP\Debug\CL.read.1.tlog
D:\OpenCVProjects\EandP\EandP\Debug\CL.write.1.tlog
D:\OpenCVProjects\EandP\EandP\Debug\detectObject.obj
D:\OpenCVProjects\EandP\EandP\Debug\EandP.exe.embed.manifest
D:\OpenCVProjects\EandP\EandP\Debug\EandP.exe.embed.manifest.res
D:\OPENCVPROJECTS\EANDP\EANDP\DEBUG\EANDP.EXE.INTERMEDIATE.MANIFEST
D:\OpenCVProjects\EandP\EandP\Debug\EandP_manifest.rc
D:\OpenCVProjects\EandP\EandP\Debug\ImageUtils_0.7.obj
D:\OpenCVProjects\EandP\EandP\Debug\link.4232.read.1.tlog
D:\OpenCVProjects\EandP\EandP\Debug\link.4232.write.1.tlog
D:\OpenCVProjects\EandP\EandP\Debug\link.4232-cvtres.read.1.tlog
D:\OpenCVProjects\EandP\EandP\Debug\link.4232-cvtres.write.1.tlog
D:\OpenCVProjects\EandP\EandP\Debug\link.command.1.tlog
D:\OpenCVProjects\EandP\EandP\Debug\link.read.1.tlog
D:\OpenCVProjects\EandP\EandP\Debug\link.write.1.tlog
D:\OpenCVProjects\EandP\EandP\Debug\link-cvtres.read.1.tlog
D:\OpenCVProjects\EandP\EandP\Debug\link-cvtres.write.1.tlog
D:\OpenCVProjects\EandP\EandP\Debug\mt.command.1.tlog
D:\OpenCVProjects\EandP\EandP\Debug\mt.read.1.tlog
D:\OpenCVProjects\EandP\EandP\Debug\mt.write.1.tlog
D:\OpenCVProjects\EandP\EandP\Debug\NFE.obj
D:\OpenCVProjects\EandP\EandP\Debug\preprocessFace.obj
D:\OpenCVProjects\EandP\EandP\Debug\rc.command.1.tlog
D:\OpenCVProjects\EandP\EandP\Debug\rc.read.1.tlog
D:\OpenCVProjects\EandP\EandP\Debug\rc.write.1.tlog
D:\OpenCVProjects\EandP\EandP\Debug\vc100.idb
D:\OPENCVPROJECTS\EANDP\EANDP\DEBUG\VC100.PDB
